--------------------------------------------------------------------------------
Release 14.7 Trace  (nt64)
Copyright (c) 1995-2013 Xilinx, Inc.  All rights reserved.

C:\Xilinx\14.7\ISE_DS\ISE\bin\nt64\unwrapped\trce.exe -intstyle ise -v 3 -s 4
-n 3 -fastpaths -xml TETRIS.twx TETRIS.ncd -o TETRIS.twr TETRIS.pcf -ucf tt.ucf

Design file:              TETRIS.ncd
Physical constraint file: TETRIS.pcf
Device,package,speed:     xc3s500e,fg320,-4 (PRODUCTION 1.27 2013-10-13)
Report level:             verbose report

Environment Variable      Effect 
--------------------      ------ 
NONE                      No environment variables were set
--------------------------------------------------------------------------------

INFO:Timing:2698 - No timing constraints found, doing default enumeration.
INFO:Timing:3412 - To improve timing, see the Timing Closure User Guide (UG612).
INFO:Timing:2752 - To get complete path coverage, use the unconstrained paths 
   option. All paths that are not constrained will be reported in the 
   unconstrained paths section(s) of the report.
INFO:Timing:3339 - The clock-to-out numbers in this timing report are based on 
   a 50 Ohm transmission line loading model.  For the details of this model, 
   and for more information on accounting for different loading conditions, 
   please see the device datasheet.
INFO:Timing:3390 - This architecture does not support a default System Jitter 
   value, please add SYSTEM_JITTER constraint to the UCF to modify the Clock 
   Uncertainty calculation.
INFO:Timing:3389 - This architecture does not support 'Discrete Jitter' and 
   'Phase Error' calculations, these terms will be zero in the Clock 
   Uncertainty calculation.  Please make appropriate modification to 
   SYSTEM_JITTER to account for the unsupported Discrete Jitter and Phase 
   Error.



Data Sheet report:
-----------------
All values displayed in nanoseconds (ns)

Setup/Hold to clock clk
------------+------------+------------+------------------+--------+
            |Max Setup to|Max Hold to |                  | Clock  |
Source      | clk (edge) | clk (edge) |Internal Clock(s) | Phase  |
------------+------------+------------+------------------+--------+
SW0         |    3.998(R)|   -1.487(R)|clk_BUFGP         |   0.000|
SW1         |    5.224(R)|   -1.517(R)|clk_BUFGP         |   0.000|
SW2         |    3.487(R)|   -0.977(R)|clk_BUFGP         |   0.000|
SW3         |    5.625(R)|   -2.091(R)|clk_BUFGP         |   0.000|
kclk        |    0.888(R)|    0.510(R)|clk_BUFGP         |   0.000|
key_data    |   -0.019(R)|    1.564(R)|clk_BUFGP         |   0.000|
reset       |    4.653(R)|   -1.988(R)|clk_BUFGP         |   0.000|
------------+------------+------------+------------------+--------+

Clock clk to Pad
------------+------------+------------------+--------+
            | clk (edge) |                  | Clock  |
Destination |   to PAD   |Internal Clock(s) | Phase  |
------------+------------+------------------+--------+
VGA_BLUE    |    8.724(R)|clk_BUFGP         |   0.000|
VGA_GREEN   |    8.970(R)|clk_BUFGP         |   0.000|
VGA_RED     |    8.908(R)|clk_BUFGP         |   0.000|
hsync       |   14.209(R)|clk_BUFGP         |   0.000|
vsync       |   13.604(R)|clk_BUFGP         |   0.000|
------------+------------+------------------+--------+

Clock to Setup on destination clock clk
---------------+---------+---------+---------+---------+
               | Src:Rise| Src:Fall| Src:Rise| Src:Fall|
Source Clock   |Dest:Rise|Dest:Rise|Dest:Fall|Dest:Fall|
---------------+---------+---------+---------+---------+
clk            |   28.922|         |         |         |
---------------+---------+---------+---------+---------+


Analysis completed Tue Jan 10 00:57:25 2017 
--------------------------------------------------------------------------------

Trace Settings:
-------------------------
Trace Settings 

Peak Memory Usage: 262 MB



